<?xml version="1.0" encoding="UTF-8"?>
<testsuite name="hello.HelloControllerTests" time="0.399" tests="3" errors="0" skipped="1" failures="0">
  <properties>
[...]
</properties>
  <testcase name="testIsThisReallyTrue" classname="hello.HelloControllerTests" time="0">
    <skipped/>
    <system-out><![CDATA[20:48:59.162 [main] DEBUG org.springframework.test.context.junit4.SpringJUnit4ClassRunner - SpringJUnit4ClassRunner constructor called with [class hello.HelloControllerTests]
20:48:59.176 [main] DEBUG org.springframework.test.context.BootstrapUtils - Instantiating CacheAwareContextLoaderDelegate from class [org.springframework.test.context.cache.DefaultCacheAwareContextLoaderDelegate]
20:48:59.224 [main] DEBUG org.springframework.test.context.BootstrapUtils - Instantiating BootstrapContext using constructor [public org.springframework.test.context.support.DefaultBootstrapContext(java.lang.Class,org.springframework.test.context.CacheAwareContextLoaderDelegate)]
20:48:59.312 [main] DEBUG org.springframework.test.context.BootstrapUtils - Instantiating TestContextBootstrapper for test class [hello.HelloControllerTests] from class [org.springframework.boot.test.context.SpringBootTestContextBootstrapper]
20:48:59.356 [main] INFO org.springframework.boot.test.context.SpringBootTestContextBootstrapper - Neither @ContextConfiguration nor @ContextHierarchy found for test class [hello.HelloControllerTests], using SpringBootContextLoader
20:48:59.375 [main] DEBUG org.springframework.test.context.support.AbstractContextLoader - Did not detect default resource location for test class [hello.HelloControllerTests]: class path resource [hello/HelloControllerTests-context.xml] does not exist
20:48:59.377 [main] DEBUG org.springframework.test.context.support.AbstractContextLoader - Did not detect default resource location for test class [hello.HelloControllerTests]: class path resource [hello/HelloControllerTestsContext.groovy] does not exist
20:48:59.378 [main] INFO org.springframework.test.context.support.AbstractContextLoader - Could not detect default resource locations for test class [hello.HelloControllerTests]: no resource found for suffixes {-context.xml, Context.groovy}.
20:48:59.380 [main] INFO org.springframework.test.context.support.AnnotationConfigContextLoaderUtils - Could not detect default configuration classes for test class [hello.HelloControllerTests]: HelloControllerTests does not declare any static, non-private, non-final, nested classes annotated with @Configuration.
20:48:59.512 [main] DEBUG org.springframework.test.context.support.ActiveProfilesUtils - Could not find an 'annotation declaring class' for annotation type [org.springframework.test.context.ActiveProfiles] and class [hello.HelloControllerTests]
20:48:59.658 [main] DEBUG org.springframework.core.env.StandardEnvironment - Adding [systemProperties] PropertySource with lowest search precedence
20:48:59.659 [main] DEBUG org.springframework.core.env.StandardEnvironment - Adding [systemEnvironment] PropertySource with lowest search precedence
20:48:59.659 [main] DEBUG org.springframework.core.env.StandardEnvironment - Initialized StandardEnvironment with PropertySources [systemProperties,systemEnvironment]
20:48:59.689 [main] DEBUG org.springframework.core.io.support.PathMatchingResourcePatternResolver - Resolved classpath location [hello/] to resources [URL [file:/C:/Users/felipe/Documents/development/SpringAcidChallenge/target/test-classes/hello/], URL [file:/C:/Users/felipe/Documents/development/SpringAcidChallenge/target/classes/hello/]]
20:48:59.691 [main] DEBUG org.springframework.core.io.support.PathMatchingResourcePatternResolver - Looking for matching resources in directory tree [C:\Users\felipe\Documents\development\SpringAcidChallenge\target\test-classes\hello]
20:48:59.692 [main] DEBUG org.springframework.core.io.support.PathMatchingResourcePatternResolver - Searching directory [C:\Users\felipe\Documents\development\SpringAcidChallenge\target\test-classes\hello] for files matching pattern [C:/Users/felipe/Documents/development/SpringAcidChallenge/target/test-classes/hello/*.class]
20:48:59.699 [main] DEBUG org.springframework.core.io.support.PathMatchingResourcePatternResolver - Looking for matching resources in directory tree [C:\Users\felipe\Documents\development\SpringAcidChallenge\target\classes\hello]
20:48:59.700 [main] DEBUG org.springframework.core.io.support.PathMatchingResourcePatternResolver - Searching directory [C:\Users\felipe\Documents\development\SpringAcidChallenge\target\classes\hello] for files matching pattern [C:/Users/felipe/Documents/development/SpringAcidChallenge/target/classes/hello/*.class]
20:48:59.708 [main] DEBUG org.springframework.core.io.support.PathMatchingResourcePatternResolver - Resolved location pattern [classpath*:hello/*.class] to resources [file [C:\Users\felipe\Documents\development\SpringAcidChallenge\target\test-classes\hello\HelloControllerTests.class], file [C:\Users\felipe\Documents\development\SpringAcidChallenge\target\classes\hello\Application.class], file [C:\Users\felipe\Documents\development\SpringAcidChallenge\target\classes\hello\HelloController.class], file [C:\Users\felipe\Documents\development\SpringAcidChallenge\target\classes\hello\Message.class], file [C:\Users\felipe\Documents\development\SpringAcidChallenge\target\classes\hello\User.class], file [C:\Users\felipe\Documents\development\SpringAcidChallenge\target\classes\hello\UserRepository.class], file [C:\Users\felipe\Documents\development\SpringAcidChallenge\target\classes\hello\UserService.class]]
20:48:59.822 [main] DEBUG org.springframework.context.annotation.ClassPathScanningCandidateComponentProvider - Identified candidate component class: file [C:\Users\felipe\Documents\development\SpringAcidChallenge\target\classes\hello\Application.class]
20:48:59.856 [main] INFO org.springframework.boot.test.context.SpringBootTestContextBootstrapper - Found @SpringBootConfiguration hello.Application for test class hello.HelloControllerTests
20:48:59.866 [main] DEBUG org.springframework.boot.test.context.SpringBootTestContextBootstrapper - @TestExecutionListeners is not present for class [hello.HelloControllerTests]: using defaults.
20:48:59.872 [main] INFO org.springframework.boot.test.context.SpringBootTestContextBootstrapper - Loaded default TestExecutionListener class names from location [META-INF/spring.factories]: [org.springframework.boot.test.mock.mockito.MockitoTestExecutionListener, org.springframework.boot.test.mock.mockito.ResetMocksTestExecutionListener, org.springframework.boot.test.autoconfigure.restdocs.RestDocsTestExecutionListener, org.springframework.boot.test.autoconfigure.web.client.MockRestServiceServerResetTestExecutionListener, org.springframework.boot.test.autoconfigure.web.servlet.MockMvcPrintOnlyOnFailureTestExecutionListener, org.springframework.boot.test.autoconfigure.web.servlet.WebDriverTestExecutionListener, org.springframework.test.context.web.ServletTestExecutionListener, org.springframework.test.context.support.DirtiesContextBeforeModesTestExecutionListener, org.springframework.test.context.support.DependencyInjectionTestExecutionListener, org.springframework.test.context.support.DirtiesContextTestExecutionListener, org.springframework.test.context.transaction.TransactionalTestExecutionListener, org.springframework.test.context.jdbc.SqlScriptsTestExecutionListener]
20:48:59.944 [main] INFO org.springframework.boot.test.context.SpringBootTestContextBootstrapper - Using TestExecutionListeners: [org.springframework.test.context.web.ServletTestExecutionListener@19d37183, org.springframework.test.context.support.DirtiesContextBeforeModesTestExecutionListener@1a0dcaa, org.springframework.boot.test.autoconfigure.SpringBootDependencyInjectionTestExecutionListener@3bd40a57, org.springframework.test.context.support.DirtiesContextTestExecutionListener@fdefd3f, org.springframework.test.context.transaction.TransactionalTestExecutionListener@d83da2e, org.springframework.test.context.jdbc.SqlScriptsTestExecutionListener@a4102b8, org.springframework.boot.test.autoconfigure.web.servlet.WebDriverTestExecutionListener@11dc3715, org.springframework.boot.test.autoconfigure.restdocs.RestDocsTestExecutionListener@69930714, org.springframework.boot.test.autoconfigure.web.client.MockRestServiceServerResetTestExecutionListener@7a52f2a2, org.springframework.boot.test.autoconfigure.web.servlet.MockMvcPrintOnlyOnFailureTestExecutionListener@78047b92, org.springframework.boot.test.mock.mockito.MockitoTestExecutionListener@8909f18, org.springframework.boot.test.mock.mockito.ResetMocksTestExecutionListener@79ca92b9]
20:48:59.950 [main] DEBUG org.springframework.test.annotation.ProfileValueUtils - Retrieved @ProfileValueSourceConfiguration [null] for test class [hello.HelloControllerTests]
20:48:59.951 [main] DEBUG org.springframework.test.annotation.ProfileValueUtils - Retrieved ProfileValueSource type [class org.springframework.test.annotation.SystemProfileValueSource] for class [hello.HelloControllerTests]
20:48:59.957 [main] DEBUG org.springframework.test.context.junit4.SpringJUnit4ClassRunner - SpringJUnit4ClassRunner constructor called with [class hello.HelloControllerTests]
20:48:59.958 [main] DEBUG org.springframework.test.context.BootstrapUtils - Instantiating CacheAwareContextLoaderDelegate from class [org.springframework.test.context.cache.DefaultCacheAwareContextLoaderDelegate]
20:48:59.958 [main] DEBUG org.springframework.test.context.BootstrapUtils - Instantiating BootstrapContext using constructor [public org.springframework.test.context.support.DefaultBootstrapContext(java.lang.Class,org.springframework.test.context.CacheAwareContextLoaderDelegate)]
20:48:59.959 [main] DEBUG org.springframework.test.context.BootstrapUtils - Instantiating TestContextBootstrapper for test class [hello.HelloControllerTests] from class [org.springframework.boot.test.context.SpringBootTestContextBootstrapper]
20:48:59.962 [main] INFO org.springframework.boot.test.context.SpringBootTestContextBootstrapper - Neither @ContextConfiguration nor @ContextHierarchy found for test class [hello.HelloControllerTests], using SpringBootContextLoader
20:48:59.967 [main] DEBUG org.springframework.test.context.support.AbstractContextLoader - Did not detect default resource location for test class [hello.HelloControllerTests]: class path resource [hello/HelloControllerTests-context.xml] does not exist
20:48:59.968 [main] DEBUG org.springframework.test.context.support.AbstractContextLoader - Did not detect default resource location for test class [hello.HelloControllerTests]: class path resource [hello/HelloControllerTestsContext.groovy] does not exist
20:48:59.968 [main] INFO org.springframework.test.context.support.AbstractContextLoader - Could not detect default resource locations for test class [hello.HelloControllerTests]: no resource found for suffixes {-context.xml, Context.groovy}.
20:48:59.969 [main] INFO org.springframework.test.context.support.AnnotationConfigContextLoaderUtils - Could not detect default configuration classes for test class [hello.HelloControllerTests]: HelloControllerTests does not declare any static, non-private, non-final, nested classes annotated with @Configuration.
20:48:59.987 [main] DEBUG org.springframework.test.context.support.ActiveProfilesUtils - Could not find an 'annotation declaring class' for annotation type [org.springframework.test.context.ActiveProfiles] and class [hello.HelloControllerTests]
20:48:59.988 [main] DEBUG org.springframework.core.env.StandardEnvironment - Adding [systemProperties] PropertySource with lowest search precedence
20:48:59.989 [main] DEBUG org.springframework.core.env.StandardEnvironment - Adding [systemEnvironment] PropertySource with lowest search precedence
20:48:59.989 [main] DEBUG org.springframework.core.env.StandardEnvironment - Initialized StandardEnvironment with PropertySources [systemProperties,systemEnvironment]
20:48:59.989 [main] INFO org.springframework.boot.test.context.SpringBootTestContextBootstrapper - Found @SpringBootConfiguration hello.Application for test class hello.HelloControllerTests
20:49:00.005 [main] DEBUG org.springframework.boot.test.context.SpringBootTestContextBootstrapper - @TestExecutionListeners is not present for class [hello.HelloControllerTests]: using defaults.
20:49:00.010 [main] INFO org.springframework.boot.test.context.SpringBootTestContextBootstrapper - Loaded default TestExecutionListener class names from location [META-INF/spring.factories]: [org.springframework.boot.test.mock.mockito.MockitoTestExecutionListener, org.springframework.boot.test.mock.mockito.ResetMocksTestExecutionListener, org.springframework.boot.test.autoconfigure.restdocs.RestDocsTestExecutionListener, org.springframework.boot.test.autoconfigure.web.client.MockRestServiceServerResetTestExecutionListener, org.springframework.boot.test.autoconfigure.web.servlet.MockMvcPrintOnlyOnFailureTestExecutionListener, org.springframework.boot.test.autoconfigure.web.servlet.WebDriverTestExecutionListener, org.springframework.test.context.web.ServletTestExecutionListener, org.springframework.test.context.support.DirtiesContextBeforeModesTestExecutionListener, org.springframework.test.context.support.DependencyInjectionTestExecutionListener, org.springframework.test.context.support.DirtiesContextTestExecutionListener, org.springframework.test.context.transaction.TransactionalTestExecutionListener, org.springframework.test.context.jdbc.SqlScriptsTestExecutionListener]
20:49:00.017 [main] INFO org.springframework.boot.test.context.SpringBootTestContextBootstrapper - Using TestExecutionListeners: [org.springframework.test.context.web.ServletTestExecutionListener@2928854b, org.springframework.test.context.support.DirtiesContextBeforeModesTestExecutionListener@27ae2fd0, org.springframework.boot.test.autoconfigure.SpringBootDependencyInjectionTestExecutionListener@29176cc1, org.springframework.test.context.support.DirtiesContextTestExecutionListener@2f177a4b, org.springframework.test.context.transaction.TransactionalTestExecutionListener@4278a03f, org.springframework.test.context.jdbc.SqlScriptsTestExecutionListener@147ed70f, org.springframework.boot.test.autoconfigure.web.servlet.WebDriverTestExecutionListener@61dd025, org.springframework.boot.test.autoconfigure.restdocs.RestDocsTestExecutionListener@124c278f, org.springframework.boot.test.autoconfigure.web.client.MockRestServiceServerResetTestExecutionListener@15b204a1, org.springframework.boot.test.autoconfigure.web.servlet.MockMvcPrintOnlyOnFailureTestExecutionListener@77167fb7, org.springframework.boot.test.mock.mockito.MockitoTestExecutionListener@1fe20588, org.springframework.boot.test.mock.mockito.ResetMocksTestExecutionListener@6ce139a4]
20:49:00.018 [main] DEBUG org.springframework.test.annotation.ProfileValueUtils - Retrieved @ProfileValueSourceConfiguration [null] for test class [hello.HelloControllerTests]
20:49:00.018 [main] DEBUG org.springframework.test.annotation.ProfileValueUtils - Retrieved ProfileValueSource type [class org.springframework.test.annotation.SystemProfileValueSource] for class [hello.HelloControllerTests]
20:49:00.020 [main] DEBUG org.springframework.test.annotation.ProfileValueUtils - Retrieved @ProfileValueSourceConfiguration [null] for test class [hello.HelloControllerTests]
20:49:00.020 [main] DEBUG org.springframework.test.annotation.ProfileValueUtils - Retrieved ProfileValueSource type [class org.springframework.test.annotation.SystemProfileValueSource] for class [hello.HelloControllerTests]
20:49:00.029 [main] DEBUG org.springframework.test.context.support.AbstractDirtiesContextTestExecutionListener - Before test class: context [DefaultTestContext@2f112965 testClass = HelloControllerTests, testInstance = [null], testMethod = [null], testException = [null], mergedContextConfiguration = [WebMergedContextConfiguration@1a04f701 testClass = HelloControllerTests, locations = '{}', classes = '{class hello.Application}', contextInitializerClasses = '[]', activeProfiles = '{}', propertySourceLocations = '{}', propertySourceProperties = '{org.springframework.boot.test.context.SpringBootTestContextBootstrapper=true}', contextCustomizers = set[org.springframework.boot.test.context.ImportsContextCustomizer@b03f8a3b, org.springframework.boot.test.context.SpringBootTestContextCustomizer@4f063c0a, org.springframework.boot.test.context.filter.ExcludeFilterContextCustomizer@614ddd49, org.springframework.boot.test.mock.mockito.MockitoContextCustomizer@0, org.springframework.boot.test.autoconfigure.properties.PropertyMappingContextCustomizer@e7e8512, org.springframework.boot.test.autoconfigure.web.servlet.WebDriverContextCustomizerFactory$Customizer@536aaa8d], resourceBasePath = 'src/main/webapp', contextLoader = 'org.springframework.boot.test.context.SpringBootContextLoader', parent = [null]]], class annotated with @DirtiesContext [false] with mode [null].
]]></system-out>
  </testcase>
  <testcase name="postTest" classname="hello.HelloControllerTests" time="0.351"/>
  <testcase name="helloTest" classname="hello.HelloControllerTests" time="0.048"/>
</testsuite>