<?xml version="1.0" encoding="UTF-8"?>
<testsuite name="hello.HelloControllerTests" time="0.332" tests="4" errors="0" skipped="1" failures="0">
  <properties>
[...]
</properties>
  <testcase name="testIsThisReallyTrue" classname="hello.HelloControllerTests" time="0">
    <skipped/>
    <system-out><![CDATA[21:18:54.689 [main] DEBUG org.springframework.test.context.junit4.SpringJUnit4ClassRunner - SpringJUnit4ClassRunner constructor called with [class hello.HelloControllerTests]
21:18:54.701 [main] DEBUG org.springframework.test.context.BootstrapUtils - Instantiating CacheAwareContextLoaderDelegate from class [org.springframework.test.context.cache.DefaultCacheAwareContextLoaderDelegate]
21:18:54.738 [main] DEBUG org.springframework.test.context.BootstrapUtils - Instantiating BootstrapContext using constructor [public org.springframework.test.context.support.DefaultBootstrapContext(java.lang.Class,org.springframework.test.context.CacheAwareContextLoaderDelegate)]
21:18:54.818 [main] DEBUG org.springframework.test.context.BootstrapUtils - Instantiating TestContextBootstrapper for test class [hello.HelloControllerTests] from class [org.springframework.boot.test.context.SpringBootTestContextBootstrapper]
21:18:54.850 [main] INFO org.springframework.boot.test.context.SpringBootTestContextBootstrapper - Neither @ContextConfiguration nor @ContextHierarchy found for test class [hello.HelloControllerTests], using SpringBootContextLoader
21:18:54.864 [main] DEBUG org.springframework.test.context.support.AbstractContextLoader - Did not detect default resource location for test class [hello.HelloControllerTests]: class path resource [hello/HelloControllerTests-context.xml] does not exist
21:18:54.866 [main] DEBUG org.springframework.test.context.support.AbstractContextLoader - Did not detect default resource location for test class [hello.HelloControllerTests]: class path resource [hello/HelloControllerTestsContext.groovy] does not exist
21:18:54.867 [main] INFO org.springframework.test.context.support.AbstractContextLoader - Could not detect default resource locations for test class [hello.HelloControllerTests]: no resource found for suffixes {-context.xml, Context.groovy}.
21:18:54.869 [main] INFO org.springframework.test.context.support.AnnotationConfigContextLoaderUtils - Could not detect default configuration classes for test class [hello.HelloControllerTests]: HelloControllerTests does not declare any static, non-private, non-final, nested classes annotated with @Configuration.
21:18:54.998 [main] DEBUG org.springframework.test.context.support.ActiveProfilesUtils - Could not find an 'annotation declaring class' for annotation type [org.springframework.test.context.ActiveProfiles] and class [hello.HelloControllerTests]
21:18:55.117 [main] DEBUG org.springframework.core.env.StandardEnvironment - Adding [systemProperties] PropertySource with lowest search precedence
21:18:55.118 [main] DEBUG org.springframework.core.env.StandardEnvironment - Adding [systemEnvironment] PropertySource with lowest search precedence
21:18:55.118 [main] DEBUG org.springframework.core.env.StandardEnvironment - Initialized StandardEnvironment with PropertySources [systemProperties,systemEnvironment]
21:18:55.142 [main] DEBUG org.springframework.core.io.support.PathMatchingResourcePatternResolver - Resolved classpath location [hello/] to resources [URL [file:/C:/Users/felipe/Documents/development/SpringAcidChallenge/target/test-classes/hello/], URL [file:/C:/Users/felipe/Documents/development/SpringAcidChallenge/target/classes/hello/]]
21:18:55.144 [main] DEBUG org.springframework.core.io.support.PathMatchingResourcePatternResolver - Looking for matching resources in directory tree [C:\Users\felipe\Documents\development\SpringAcidChallenge\target\test-classes\hello]
21:18:55.145 [main] DEBUG org.springframework.core.io.support.PathMatchingResourcePatternResolver - Searching directory [C:\Users\felipe\Documents\development\SpringAcidChallenge\target\test-classes\hello] for files matching pattern [C:/Users/felipe/Documents/development/SpringAcidChallenge/target/test-classes/hello/*.class]
21:18:55.154 [main] DEBUG org.springframework.core.io.support.PathMatchingResourcePatternResolver - Looking for matching resources in directory tree [C:\Users\felipe\Documents\development\SpringAcidChallenge\target\classes\hello]
21:18:55.155 [main] DEBUG org.springframework.core.io.support.PathMatchingResourcePatternResolver - Searching directory [C:\Users\felipe\Documents\development\SpringAcidChallenge\target\classes\hello] for files matching pattern [C:/Users/felipe/Documents/development/SpringAcidChallenge/target/classes/hello/*.class]
21:18:55.161 [main] DEBUG org.springframework.core.io.support.PathMatchingResourcePatternResolver - Resolved location pattern [classpath*:hello/*.class] to resources [file [C:\Users\felipe\Documents\development\SpringAcidChallenge\target\test-classes\hello\HelloControllerTests.class], file [C:\Users\felipe\Documents\development\SpringAcidChallenge\target\classes\hello\Application.class], file [C:\Users\felipe\Documents\development\SpringAcidChallenge\target\classes\hello\HelloController.class], file [C:\Users\felipe\Documents\development\SpringAcidChallenge\target\classes\hello\Message.class], file [C:\Users\felipe\Documents\development\SpringAcidChallenge\target\classes\hello\User.class], file [C:\Users\felipe\Documents\development\SpringAcidChallenge\target\classes\hello\UserRepository.class], file [C:\Users\felipe\Documents\development\SpringAcidChallenge\target\classes\hello\UserService.class]]
21:18:55.306 [main] DEBUG org.springframework.context.annotation.ClassPathScanningCandidateComponentProvider - Identified candidate component class: file [C:\Users\felipe\Documents\development\SpringAcidChallenge\target\classes\hello\Application.class]
21:18:55.345 [main] INFO org.springframework.boot.test.context.SpringBootTestContextBootstrapper - Found @SpringBootConfiguration hello.Application for test class hello.HelloControllerTests
21:18:55.362 [main] DEBUG org.springframework.boot.test.context.SpringBootTestContextBootstrapper - @TestExecutionListeners is not present for class [hello.HelloControllerTests]: using defaults.
21:18:55.373 [main] INFO org.springframework.boot.test.context.SpringBootTestContextBootstrapper - Loaded default TestExecutionListener class names from location [META-INF/spring.factories]: [org.springframework.boot.test.mock.mockito.MockitoTestExecutionListener, org.springframework.boot.test.mock.mockito.ResetMocksTestExecutionListener, org.springframework.boot.test.autoconfigure.restdocs.RestDocsTestExecutionListener, org.springframework.boot.test.autoconfigure.web.client.MockRestServiceServerResetTestExecutionListener, org.springframework.boot.test.autoconfigure.web.servlet.MockMvcPrintOnlyOnFailureTestExecutionListener, org.springframework.boot.test.autoconfigure.web.servlet.WebDriverTestExecutionListener, org.springframework.test.context.web.ServletTestExecutionListener, org.springframework.test.context.support.DirtiesContextBeforeModesTestExecutionListener, org.springframework.test.context.support.DependencyInjectionTestExecutionListener, org.springframework.test.context.support.DirtiesContextTestExecutionListener, org.springframework.test.context.transaction.TransactionalTestExecutionListener, org.springframework.test.context.jdbc.SqlScriptsTestExecutionListener]
21:18:55.456 [main] INFO org.springframework.boot.test.context.SpringBootTestContextBootstrapper - Using TestExecutionListeners: [org.springframework.test.context.web.ServletTestExecutionListener@1a0dcaa, org.springframework.test.context.support.DirtiesContextBeforeModesTestExecutionListener@3bd40a57, org.springframework.boot.test.autoconfigure.SpringBootDependencyInjectionTestExecutionListener@fdefd3f, org.springframework.test.context.support.DirtiesContextTestExecutionListener@d83da2e, org.springframework.test.context.transaction.TransactionalTestExecutionListener@a4102b8, org.springframework.test.context.jdbc.SqlScriptsTestExecutionListener@11dc3715, org.springframework.boot.test.autoconfigure.web.client.MockRestServiceServerResetTestExecutionListener@69930714, org.springframework.boot.test.autoconfigure.restdocs.RestDocsTestExecutionListener@7a52f2a2, org.springframework.boot.test.mock.mockito.MockitoTestExecutionListener@78047b92, org.springframework.boot.test.autoconfigure.web.servlet.MockMvcPrintOnlyOnFailureTestExecutionListener@8909f18, org.springframework.boot.test.autoconfigure.web.servlet.WebDriverTestExecutionListener@79ca92b9, org.springframework.boot.test.mock.mockito.ResetMocksTestExecutionListener@1460a8c0]
21:18:55.462 [main] DEBUG org.springframework.test.annotation.ProfileValueUtils - Retrieved @ProfileValueSourceConfiguration [null] for test class [hello.HelloControllerTests]
21:18:55.463 [main] DEBUG org.springframework.test.annotation.ProfileValueUtils - Retrieved ProfileValueSource type [class org.springframework.test.annotation.SystemProfileValueSource] for class [hello.HelloControllerTests]
21:18:55.478 [main] DEBUG org.springframework.test.context.junit4.SpringJUnit4ClassRunner - SpringJUnit4ClassRunner constructor called with [class hello.HelloControllerTests]
21:18:55.479 [main] DEBUG org.springframework.test.context.BootstrapUtils - Instantiating CacheAwareContextLoaderDelegate from class [org.springframework.test.context.cache.DefaultCacheAwareContextLoaderDelegate]
21:18:55.480 [main] DEBUG org.springframework.test.context.BootstrapUtils - Instantiating BootstrapContext using constructor [public org.springframework.test.context.support.DefaultBootstrapContext(java.lang.Class,org.springframework.test.context.CacheAwareContextLoaderDelegate)]
21:18:55.481 [main] DEBUG org.springframework.test.context.BootstrapUtils - Instantiating TestContextBootstrapper for test class [hello.HelloControllerTests] from class [org.springframework.boot.test.context.SpringBootTestContextBootstrapper]
21:18:55.483 [main] INFO org.springframework.boot.test.context.SpringBootTestContextBootstrapper - Neither @ContextConfiguration nor @ContextHierarchy found for test class [hello.HelloControllerTests], using SpringBootContextLoader
21:18:55.485 [main] DEBUG org.springframework.test.context.support.AbstractContextLoader - Did not detect default resource location for test class [hello.HelloControllerTests]: class path resource [hello/HelloControllerTests-context.xml] does not exist
21:18:55.486 [main] DEBUG org.springframework.test.context.support.AbstractContextLoader - Did not detect default resource location for test class [hello.HelloControllerTests]: class path resource [hello/HelloControllerTestsContext.groovy] does not exist
21:18:55.486 [main] INFO org.springframework.test.context.support.AbstractContextLoader - Could not detect default resource locations for test class [hello.HelloControllerTests]: no resource found for suffixes {-context.xml, Context.groovy}.
21:18:55.487 [main] INFO org.springframework.test.context.support.AnnotationConfigContextLoaderUtils - Could not detect default configuration classes for test class [hello.HelloControllerTests]: HelloControllerTests does not declare any static, non-private, non-final, nested classes annotated with @Configuration.
21:18:55.505 [main] DEBUG org.springframework.test.context.support.ActiveProfilesUtils - Could not find an 'annotation declaring class' for annotation type [org.springframework.test.context.ActiveProfiles] and class [hello.HelloControllerTests]
21:18:55.507 [main] DEBUG org.springframework.core.env.StandardEnvironment - Adding [systemProperties] PropertySource with lowest search precedence
21:18:55.510 [main] DEBUG org.springframework.core.env.StandardEnvironment - Adding [systemEnvironment] PropertySource with lowest search precedence
21:18:55.511 [main] DEBUG org.springframework.core.env.StandardEnvironment - Initialized StandardEnvironment with PropertySources [systemProperties,systemEnvironment]
21:18:55.511 [main] INFO org.springframework.boot.test.context.SpringBootTestContextBootstrapper - Found @SpringBootConfiguration hello.Application for test class hello.HelloControllerTests
21:18:55.523 [main] DEBUG org.springframework.boot.test.context.SpringBootTestContextBootstrapper - @TestExecutionListeners is not present for class [hello.HelloControllerTests]: using defaults.
21:18:55.529 [main] INFO org.springframework.boot.test.context.SpringBootTestContextBootstrapper - Loaded default TestExecutionListener class names from location [META-INF/spring.factories]: [org.springframework.boot.test.mock.mockito.MockitoTestExecutionListener, org.springframework.boot.test.mock.mockito.ResetMocksTestExecutionListener, org.springframework.boot.test.autoconfigure.restdocs.RestDocsTestExecutionListener, org.springframework.boot.test.autoconfigure.web.client.MockRestServiceServerResetTestExecutionListener, org.springframework.boot.test.autoconfigure.web.servlet.MockMvcPrintOnlyOnFailureTestExecutionListener, org.springframework.boot.test.autoconfigure.web.servlet.WebDriverTestExecutionListener, org.springframework.test.context.web.ServletTestExecutionListener, org.springframework.test.context.support.DirtiesContextBeforeModesTestExecutionListener, org.springframework.test.context.support.DependencyInjectionTestExecutionListener, org.springframework.test.context.support.DirtiesContextTestExecutionListener, org.springframework.test.context.transaction.TransactionalTestExecutionListener, org.springframework.test.context.jdbc.SqlScriptsTestExecutionListener]
21:18:55.535 [main] INFO org.springframework.boot.test.context.SpringBootTestContextBootstrapper - Using TestExecutionListeners: [org.springframework.test.context.web.ServletTestExecutionListener@27ae2fd0, org.springframework.test.context.support.DirtiesContextBeforeModesTestExecutionListener@29176cc1, org.springframework.boot.test.autoconfigure.SpringBootDependencyInjectionTestExecutionListener@2f177a4b, org.springframework.test.context.support.DirtiesContextTestExecutionListener@4278a03f, org.springframework.test.context.transaction.TransactionalTestExecutionListener@147ed70f, org.springframework.test.context.jdbc.SqlScriptsTestExecutionListener@61dd025, org.springframework.boot.test.autoconfigure.web.client.MockRestServiceServerResetTestExecutionListener@124c278f, org.springframework.boot.test.autoconfigure.restdocs.RestDocsTestExecutionListener@15b204a1, org.springframework.boot.test.mock.mockito.MockitoTestExecutionListener@77167fb7, org.springframework.boot.test.autoconfigure.web.servlet.MockMvcPrintOnlyOnFailureTestExecutionListener@1fe20588, org.springframework.boot.test.autoconfigure.web.servlet.WebDriverTestExecutionListener@6ce139a4, org.springframework.boot.test.mock.mockito.ResetMocksTestExecutionListener@6973bf95]
21:18:55.536 [main] DEBUG org.springframework.test.annotation.ProfileValueUtils - Retrieved @ProfileValueSourceConfiguration [null] for test class [hello.HelloControllerTests]
21:18:55.537 [main] DEBUG org.springframework.test.annotation.ProfileValueUtils - Retrieved ProfileValueSource type [class org.springframework.test.annotation.SystemProfileValueSource] for class [hello.HelloControllerTests]
21:18:55.539 [main] DEBUG org.springframework.test.annotation.ProfileValueUtils - Retrieved @ProfileValueSourceConfiguration [null] for test class [hello.HelloControllerTests]
21:18:55.539 [main] DEBUG org.springframework.test.annotation.ProfileValueUtils - Retrieved ProfileValueSource type [class org.springframework.test.annotation.SystemProfileValueSource] for class [hello.HelloControllerTests]
21:18:55.552 [main] DEBUG org.springframework.test.context.support.AbstractDirtiesContextTestExecutionListener - Before test class: context [DefaultTestContext@1a04f701 testClass = HelloControllerTests, testInstance = [null], testMethod = [null], testException = [null], mergedContextConfiguration = [WebMergedContextConfiguration@4e91d63f testClass = HelloControllerTests, locations = '{}', classes = '{class hello.Application}', contextInitializerClasses = '[]', activeProfiles = '{}', propertySourceLocations = '{}', propertySourceProperties = '{org.springframework.boot.test.context.SpringBootTestContextBootstrapper=true}', contextCustomizers = set[org.springframework.boot.test.context.ImportsContextCustomizer@b03f8a3b, org.springframework.boot.test.context.SpringBootTestContextCustomizer@4f063c0a, org.springframework.boot.test.context.filter.ExcludeFilterContextCustomizer@614ddd49, org.springframework.boot.test.mock.mockito.MockitoContextCustomizer@0, org.springframework.boot.test.autoconfigure.properties.PropertyMappingContextCustomizer@e7e8512, org.springframework.boot.test.autoconfigure.web.servlet.WebDriverContextCustomizerFactory$Customizer@536aaa8d], resourceBasePath = 'src/main/webapp', contextLoader = 'org.springframework.boot.test.context.SpringBootContextLoader', parent = [null]]], class annotated with @DirtiesContext [false] with mode [null].
]]></system-out>
  </testcase>
  <testcase name="helloTest" classname="hello.HelloControllerTests" time="0.132"/>
  <testcase name="subirImagenConUsuarioNoAutorizadoTest" classname="hello.HelloControllerTests" time="0.139"/>
  <testcase name="subirImagenTest" classname="hello.HelloControllerTests" time="0.061"/>
</testsuite>